<?xml version="1.0" encoding="UTF-8"?><testsuite errors="1" failures="0" name="Academy Choucair" skipped="0" tests="1" time="29.69" timestamp="2021-04-17 07:52:11"><testcase name="Search for a automation course"><error message="Arity mismatch: Step Definition 'co.com.choucair.certification.proyectobase.stepdefinitions.ChoucairAcademyStepDefinitions.heSearchForTheCourseRecursosAutomatizacionBancolombiaOnTheChoucairAcademyPlatform(AcademyChoucairData&gt;) in file:/C:/Users/HOLA/Documents/Sourcetree/Choucair/proyecto_base/build/classes/java/test/' with pattern [^he search for the course (.*) on the choucair academy platform$] is declared with 1 parameters. However, the gherkin step has 2 arguments [Recursos Automatizacion Bancolombia, Table:[[strCourse], [Metodologia Bancolombia]]]. &#10;Step text: he search for the course Recursos Automatizacion Bancolombia on the choucair academy platform" type="cucumber.runtime.CucumberException">Arity mismatch: Step Definition 'co.com.choucair.certification.proyectobase.stepdefinitions.ChoucairAcademyStepDefinitions.heSearchForTheCourseRecursosAutomatizacionBancolombiaOnTheChoucairAcademyPlatform(AcademyChoucairData&gt;) in file:/C:/Users/HOLA/Documents/Sourcetree/Choucair/proyecto_base/build/classes/java/test/' with pattern [^he search for the course (.*) on the choucair academy platform$] is declared with 1 parameters. However, the gherkin step has 2 arguments [Recursos Automatizacion Bancolombia, Table:[[strCourse], [Metodologia Bancolombia]]]. 
Step text: he search for the course Recursos Automatizacion Bancolombia on the choucair academy platform</error><system-err>Arity mismatch: Step Definition 'co.com.choucair.certification.proyectobase.stepdefinitions.ChoucairAcademyStepDefinitions.heSearchForTheCourseRecursosAutomatizacionBancolombiaOnTheChoucairAcademyPlatform(AcademyChoucairData&gt;) in file:/C:/Users/HOLA/Documents/Sourcetree/Choucair/proyecto_base/build/classes/java/test/' with pattern [^he search for the course (.*) on the choucair academy platform$] is declared with 1 parameters. However, the gherkin step has 2 arguments [Recursos Automatizacion Bancolombia, Table:[[strCourse], [Metodologia Bancolombia]]]. 
Step text: he search for the course Recursos Automatizacion Bancolombia on the choucair academy platform&#13;
cucumber.runner.Runner.runPickle(Runner.java:80)&#13;
</system-err></testcase></testsuite>