<?xml version="1.0" encoding="UTF-8"?><testsuite errors="1" failures="0" name="Academy Choucair" skipped="0" tests="1" time="0.82" timestamp="2021-04-16 06:07:21"><testcase name="Search for a automation course"><error message="Arity mismatch: Step Definition 'co.com.choucair.certification.proyectobase.stepdefinitions.ChoucairAcademyStepDefinitions.thanBrandonWantsToLearnAutomationAtTheAcademyChoucair(AcademyChoucairData&gt;) in file:/C:/Users/HOLA/Documents/Sourcetree/Choucair/proyecto_base/build/classes/java/test/' with pattern [^than brandon wants to learn automation at the academy Choucair$] is declared with 1 parameters. However, the gherkin step has 0 arguments []. &#10;Step text: than brandon wants to learn automation at the academy Choucair" type="cucumber.runtime.CucumberException">Arity mismatch: Step Definition 'co.com.choucair.certification.proyectobase.stepdefinitions.ChoucairAcademyStepDefinitions.thanBrandonWantsToLearnAutomationAtTheAcademyChoucair(AcademyChoucairData&gt;) in file:/C:/Users/HOLA/Documents/Sourcetree/Choucair/proyecto_base/build/classes/java/test/' with pattern [^than brandon wants to learn automation at the academy Choucair$] is declared with 1 parameters. However, the gherkin step has 0 arguments []. 
Step text: than brandon wants to learn automation at the academy Choucair</error><system-err>Arity mismatch: Step Definition 'co.com.choucair.certification.proyectobase.stepdefinitions.ChoucairAcademyStepDefinitions.thanBrandonWantsToLearnAutomationAtTheAcademyChoucair(AcademyChoucairData&gt;) in file:/C:/Users/HOLA/Documents/Sourcetree/Choucair/proyecto_base/build/classes/java/test/' with pattern [^than brandon wants to learn automation at the academy Choucair$] is declared with 1 parameters. However, the gherkin step has 0 arguments []. 
Step text: than brandon wants to learn automation at the academy Choucair&#13;
cucumber.runner.Runner.runPickle(Runner.java:80)&#13;
</system-err></testcase></testsuite>